awk: symbol lookup error: awk: undefined symbol: mpfr_z_sub
INFO: [HLS 200-10] Running '/home/bruno/Escritorio/Vivado/Vivado_HLS/2016.4/bin/unwrapped/lnx64.o/vivado_hls'
INFO: [HLS 200-10] For user 'bruno' on host 'torrente.inti.gob.ar' (Linux_x86_64 version 3.16.0-4-amd64) on Wed Jun 21 17:00:42 -03 2017
INFO: [HLS 200-10] On os Debian GNU/Linux 8.8 (jessie)
INFO: [HLS 200-10] In directory '/home/bruno/Documentos/WorkSpace/cursoHLS'
INFO: [HLS 200-10] Opening project '/home/bruno/Documentos/WorkSpace/cursoHLS/bgn_update.prj'.
INFO: [HLS 200-10] Opening solution '/home/bruno/Documentos/WorkSpace/cursoHLS/bgn_update.prj/solution1'.
INFO: [SYN 201-201] Setting up clock 'default' with a period of 10ns.
INFO: [HLS 200-10] Setting target device to 'xc7z020clg484-1'
INFO: [SIM 211-2] *************** CSIM start ***************
INFO: [SIM 211-4] CSIM will launch GCC as the compiler.
   Compiling ../../../../bgnupdate_test.cpp in debug mode
   Compiling ../../../../bgnupdate.cpp in debug mode
   Generating csim.exe
Tamaño de la imagen hlsMat segmentada   : 240 x 352
    *** *** *** *** 
    Results are good 
    *** *** *** *** 
WARNING: Hls::stream 'hls::stream<unsigned char>.4' contains leftover data, which may result in RTL simulation hanging.
WARNING: Hls::stream 'hls::stream<unsigned char>.3' contains leftover data, which may result in RTL simulation hanging.
WARNING: Hls::stream 'hls::stream<unsigned char>.2' contains leftover data, which may result in RTL simulation hanging.
WARNING: Hls::stream 'hls::stream<unsigned char>.1' contains leftover data, which may result in RTL simulation hanging.
INFO: [SIM 211-1] CSim done with 0 errors.
INFO: [SIM 211-3] *************** CSIM finish ***************
