================================================================
  Vivado(TM) HLS - High-Level Synthesis from C, C++ and SystemC
  Version 2016.4
  Build 1756540 on Mon Jan 23 19:31:01 MST 2017
  Copyright (C) 1986-2017 Xilinx, Inc. All Rights Reserved.
================================================================
INFO: [HLS 200-10] Running '/home/bruno/Escritorio/Vivado/Vivado_HLS/2016.4/bin/unwrapped/lnx64.o/vivado_hls'
INFO: [HLS 200-10] For user 'bruno' on host 'torrente.inti.gob.ar' (Linux_x86_64 version 3.16.0-4-amd64) on Wed Jun 21 16:59:48 -03 2017
INFO: [HLS 200-10] On os Debian GNU/Linux 8.8 (jessie)
INFO: [HLS 200-10] In directory '/home/bruno/Documentos/WorkSpace/cursoHLS/bgn_update.prj/solution1'
INFO: [HLS 200-10] Creating and opening project '/home/bruno/Documentos/WorkSpace/cursoHLS/bgn_update.prj/solution1/bgn_update.prj'.
WARNING: [HLS 200-40] Cannot find design file 'bgnupdate.cpp'
WARNING: [HLS 200-40] Cannot find test bench file 'bgnupdate_test.cpp'
INFO: [HLS 200-10] Creating and opening solution '/home/bruno/Documentos/WorkSpace/cursoHLS/bgn_update.prj/solution1/bgn_update.prj/solution1'.
INFO: [HLS 200-10] Setting target device to 'xc7z020clg484-1'
INFO: [SYN 201-201] Setting up clock 'default' with a period of 10ns.
./bgn_update.prj/solution1/directives.tcl can't be opened.
couldn't read file "./bgn_update.prj/solution1/directives.tcl": no such file or directory
    while executing
"source "./bgn_update.prj/solution1/directives.tcl""
    (file "script.tcl" line 13)
    invoked from within
"source script.tcl"
    invoked from within
"hls::main script.tcl"
    ("uplevel" body line 1)
    invoked from within
"uplevel 1 hls::main {*}$args"
    (procedure "hls_proc" line 5)
    invoked from within
"hls_proc $argv"
